<?xml version="1.0" encoding="UTF-8"?>
<!-- Generated by org.testng.reporters.JUnitReportReporter -->
<testsuite hostname="LAPTOP-VIVKSABQ" failures="0" tests="3" name="Test_Facebook_Functionality.Testng" time="0.202" errors="0" timestamp="2024-04-26T15:06:06 IST" skipped="1">
  <testcase classname="Test_Facebook_Functionality.Testng" name="test1" time="0.195"/>
  <testcase classname="Test_Facebook_Functionality.Testng" name="test1" time="0.000">
    <skipped/>
  </testcase> <!-- test1 -->
  <testcase classname="Test_Facebook_Functionality.Testng" name="test1" time="0.007"/>
</testsuite> <!-- Test_Facebook_Functionality.Testng -->
